0 info it worked if it ends with ok
1 verbose cli [
1 verbose cli   'C:\\Program Files\\nodejs\\node.exe',
1 verbose cli   'C:\\Users\\Brien Bledsoe\\AppData\\Roaming\\npm\\node_modules\\npm\\bin\\npm-cli.js',
1 verbose cli   'run',
1 verbose cli   'build'
1 verbose cli ]
2 info using npm@6.12.1
3 info using node@v12.13.0
4 verbose stack Error: ENOENT: no such file or directory, open 'C:\Users\Brien Bledsoe\Documents\DynamicWebApp\Dynamic-Exercise-Five\package.json'
5 verbose cwd C:\Users\Brien Bledsoe\Documents\DynamicWebApp\Dynamic-Exercise-Five
6 verbose Windows_NT 10.0.18362
7 verbose argv "C:\\Program Files\\nodejs\\node.exe" "C:\\Users\\Brien Bledsoe\\AppData\\Roaming\\npm\\node_modules\\npm\\bin\\npm-cli.js" "run" "build"
8 verbose node v12.13.0
9 verbose npm  v6.12.1
10 error code ENOENT
11 error syscall open
12 error path C:\Users\Brien Bledsoe\Documents\DynamicWebApp\Dynamic-Exercise-Five\package.json
13 error errno -4058
14 error enoent ENOENT: no such file or directory, open 'C:\Users\Brien Bledsoe\Documents\DynamicWebApp\Dynamic-Exercise-Five\package.json'
15 error enoent This is related to npm not being able to find a file.
16 verbose exit [ -4058, true ]
